
*** Running vivado
    with args -log mips.vds -m64 -product Vivado -mode batch -messageDb vivado.pb -notrace -source mips.tcl


****** Vivado v2020.2 (64-bit)
  **** SW Build 3064766 on Wed Nov 18 09:12:47 MST 2020
  **** IP Build 3064653 on Wed Nov 18 14:17:31 MST 2020
    ** Copyright 1986-2020 Xilinx, Inc. All Rights Reserved.

source mips.tcl -notrace
Command: synth_design -top mips -part xc7a35tcpg236-1
Starting synth_design
Attempting to get a license for feature 'Synthesis' and/or device 'xc7a35t'
INFO: [Common 17-349] Got license for feature 'Synthesis' and/or device 'xc7a35t'
INFO: [Device 21-403] Loading part xc7a35tcpg236-1
INFO: [Synth 8-7079] Multithreading enabled for synth_design using a maximum of 4 processes.
INFO: [Synth 8-7078] Launching helper process for spawning children vivado processes
INFO: [Synth 8-7075] Helper process launched with PID 115083
---------------------------------------------------------------------------------
Starting RTL Elaboration : Time (s): cpu = 00:00:04 ; elapsed = 00:00:04 . Memory (MB): peak = 2332.750 ; gain = 0.000 ; free physical = 418 ; free virtual = 2406
---------------------------------------------------------------------------------
INFO: [Synth 8-638] synthesizing module 'mips' [/home/atuser/git/CMPE260/proj1/srcs/mips.vhd:21]
INFO: [Synth 8-3491] module 'InstructionFetch' declared at '/home/atuser/git/CMPE260/proj1/srcs/inst_fetch.vhd:13' bound to instance 'fetch' of component 'InstructionFetch' [/home/atuser/git/CMPE260/proj1/srcs/mips.vhd:134]
INFO: [Synth 8-638] synthesizing module 'InstructionFetch' [/home/atuser/git/CMPE260/proj1/srcs/inst_fetch.vhd:21]
	Parameter BYTE_N bound to: 1024 - type: integer 
	Parameter ADDR_DEPTH bound to: 28 - type: integer 
INFO: [Synth 8-3491] module 'InstructionMemory' declared at '/home/atuser/git/CMPE260/proj1/srcs/inst_memory.vhd:14' bound to instance 'inst_mem' of component 'InstructionMemory' [/home/atuser/git/CMPE260/proj1/srcs/inst_fetch.vhd:33]
INFO: [Synth 8-638] synthesizing module 'InstructionMemory' [/home/atuser/git/CMPE260/proj1/srcs/inst_memory.vhd:23]
	Parameter BYTE_N bound to: 1024 - type: integer 
	Parameter ADDR_DEPTH bound to: 28 - type: integer 
INFO: [Synth 8-256] done synthesizing module 'InstructionMemory' (1#1) [/home/atuser/git/CMPE260/proj1/srcs/inst_memory.vhd:23]
INFO: [Synth 8-256] done synthesizing module 'InstructionFetch' (2#1) [/home/atuser/git/CMPE260/proj1/srcs/inst_fetch.vhd:21]
INFO: [Synth 8-3491] module 'InstructionDecode' declared at '/home/atuser/git/CMPE260/proj1/srcs/inst_decode.vhd:12' bound to instance 'decode' of component 'InstructionDecode' [/home/atuser/git/CMPE260/proj1/srcs/mips.vhd:149]
INFO: [Synth 8-638] synthesizing module 'InstructionDecode' [/home/atuser/git/CMPE260/proj1/srcs/inst_decode.vhd:33]
INFO: [Synth 8-3491] module 'ControlUnit' declared at '/home/atuser/git/CMPE260/proj1/srcs/control_unit.vhd:12' bound to instance 'ctrl_unit' of component 'ControlUnit' [/home/atuser/git/CMPE260/proj1/srcs/inst_decode.vhd:71]
INFO: [Synth 8-638] synthesizing module 'ControlUnit' [/home/atuser/git/CMPE260/proj1/srcs/control_unit.vhd:28]
INFO: [Synth 8-256] done synthesizing module 'ControlUnit' (3#1) [/home/atuser/git/CMPE260/proj1/srcs/control_unit.vhd:28]
	Parameter BIT_DEPTH bound to: 32 - type: integer 
	Parameter LOG_PORT_DEPTH bound to: 5 - type: integer 
INFO: [Synth 8-3491] module 'RegisterFile' declared at '/home/atuser/git/CMPE260/proj1/srcs/register_file.vhd:23' bound to instance 'reg_file' of component 'RegisterFile' [/home/atuser/git/CMPE260/proj1/srcs/inst_decode.vhd:84]
INFO: [Synth 8-638] synthesizing module 'RegisterFile' [/home/atuser/git/CMPE260/proj1/srcs/register_file.vhd:41]
	Parameter BIT_DEPTH bound to: 32 - type: integer 
	Parameter LOG_PORT_DEPTH bound to: 5 - type: integer 
INFO: [Synth 8-256] done synthesizing module 'RegisterFile' (4#1) [/home/atuser/git/CMPE260/proj1/srcs/register_file.vhd:41]
INFO: [Synth 8-256] done synthesizing module 'InstructionDecode' (5#1) [/home/atuser/git/CMPE260/proj1/srcs/inst_decode.vhd:33]
INFO: [Synth 8-3491] module 'ExecuteStage' declared at '/home/atuser/git/CMPE260/proj1/srcs/execute_stage.vhd:11' bound to instance 'execute' of component 'ExecuteStage' [/home/atuser/git/CMPE260/proj1/srcs/mips.vhd:190]
INFO: [Synth 8-638] synthesizing module 'ExecuteStage' [/home/atuser/git/CMPE260/proj1/srcs/execute_stage.vhd:35]
	Parameter N bound to: 32 - type: integer 
INFO: [Synth 8-3491] module 'alu4' declared at '/home/atuser/git/CMPE260/proj1/srcs/alu/alu4.vhd:16' bound to instance 'alu' of component 'alu4' [/home/atuser/git/CMPE260/proj1/srcs/execute_stage.vhd:62]
INFO: [Synth 8-638] synthesizing module 'alu4' [/home/atuser/git/CMPE260/proj1/srcs/alu/alu4.vhd:25]
	Parameter N bound to: 32 - type: integer 
	Parameter N bound to: 32 - type: integer 
INFO: [Synth 8-3491] module 'sllN' declared at '/home/atuser/git/CMPE260/proj1/srcs/alu/sllN.vhd:16' bound to instance 'sll_comp' of component 'sllN' [/home/atuser/git/CMPE260/proj1/srcs/alu/alu4.vhd:85]
INFO: [Synth 8-638] synthesizing module 'sllN' [/home/atuser/git/CMPE260/proj1/srcs/alu/sllN.vhd:24]
	Parameter N bound to: 32 - type: integer 
INFO: [Synth 8-256] done synthesizing module 'sllN' (6#1) [/home/atuser/git/CMPE260/proj1/srcs/alu/sllN.vhd:24]
	Parameter N bound to: 32 - type: integer 
INFO: [Synth 8-3491] module 'sraN' declared at '/home/atuser/git/CMPE260/proj1/srcs/alu/sraN.vhd:16' bound to instance 'sra_comp' of component 'sraN' [/home/atuser/git/CMPE260/proj1/srcs/alu/alu4.vhd:89]
INFO: [Synth 8-638] synthesizing module 'sraN' [/home/atuser/git/CMPE260/proj1/srcs/alu/sraN.vhd:24]
	Parameter N bound to: 32 - type: integer 
INFO: [Synth 8-256] done synthesizing module 'sraN' (7#1) [/home/atuser/git/CMPE260/proj1/srcs/alu/sraN.vhd:24]
	Parameter N bound to: 32 - type: integer 
INFO: [Synth 8-3491] module 'srlN' declared at '/home/atuser/git/CMPE260/proj1/srcs/alu/srlN.vhd:16' bound to instance 'srl_comp' of component 'srlN' [/home/atuser/git/CMPE260/proj1/srcs/alu/alu4.vhd:93]
INFO: [Synth 8-638] synthesizing module 'srlN' [/home/atuser/git/CMPE260/proj1/srcs/alu/srlN.vhd:24]
	Parameter N bound to: 32 - type: integer 
INFO: [Synth 8-256] done synthesizing module 'srlN' (8#1) [/home/atuser/git/CMPE260/proj1/srcs/alu/srlN.vhd:24]
	Parameter N bound to: 32 - type: integer 
INFO: [Synth 8-3491] module 'ripple_carry' declared at '/home/atuser/git/CMPE260/proj1/srcs/alu/ripple_carry.vhd:11' bound to instance 'add_comp' of component 'ripple_carry' [/home/atuser/git/CMPE260/proj1/srcs/alu/alu4.vhd:101]
INFO: [Synth 8-638] synthesizing module 'ripple_carry' [/home/atuser/git/CMPE260/proj1/srcs/alu/ripple_carry.vhd:22]
	Parameter N bound to: 32 - type: integer 
INFO: [Synth 8-3491] module 'fa' declared at '/home/atuser/git/CMPE260/proj1/srcs/alu/fa.vhd:13' bound to instance 'fa0' of component 'fa' [/home/atuser/git/CMPE260/proj1/srcs/alu/ripple_carry.vhd:43]
INFO: [Synth 8-638] synthesizing module 'fa' [/home/atuser/git/CMPE260/proj1/srcs/alu/fa.vhd:24]
INFO: [Synth 8-256] done synthesizing module 'fa' (9#1) [/home/atuser/git/CMPE260/proj1/srcs/alu/fa.vhd:24]
INFO: [Synth 8-3491] module 'fa' declared at '/home/atuser/git/CMPE260/proj1/srcs/alu/fa.vhd:13' bound to instance 'fax' of component 'fa' [/home/atuser/git/CMPE260/proj1/srcs/alu/ripple_carry.vhd:55]
INFO: [Synth 8-3491] module 'fa' declared at '/home/atuser/git/CMPE260/proj1/srcs/alu/fa.vhd:13' bound to instance 'fax' of component 'fa' [/home/atuser/git/CMPE260/proj1/srcs/alu/ripple_carry.vhd:55]
INFO: [Synth 8-3491] module 'fa' declared at '/home/atuser/git/CMPE260/proj1/srcs/alu/fa.vhd:13' bound to instance 'fax' of component 'fa' [/home/atuser/git/CMPE260/proj1/srcs/alu/ripple_carry.vhd:55]
INFO: [Synth 8-3491] module 'fa' declared at '/home/atuser/git/CMPE260/proj1/srcs/alu/fa.vhd:13' bound to instance 'fax' of component 'fa' [/home/atuser/git/CMPE260/proj1/srcs/alu/ripple_carry.vhd:55]
INFO: [Synth 8-3491] module 'fa' declared at '/home/atuser/git/CMPE260/proj1/srcs/alu/fa.vhd:13' bound to instance 'fax' of component 'fa' [/home/atuser/git/CMPE260/proj1/srcs/alu/ripple_carry.vhd:55]
INFO: [Synth 8-3491] module 'fa' declared at '/home/atuser/git/CMPE260/proj1/srcs/alu/fa.vhd:13' bound to instance 'fax' of component 'fa' [/home/atuser/git/CMPE260/proj1/srcs/alu/ripple_carry.vhd:55]
INFO: [Synth 8-3491] module 'fa' declared at '/home/atuser/git/CMPE260/proj1/srcs/alu/fa.vhd:13' bound to instance 'fax' of component 'fa' [/home/atuser/git/CMPE260/proj1/srcs/alu/ripple_carry.vhd:55]
INFO: [Synth 8-3491] module 'fa' declared at '/home/atuser/git/CMPE260/proj1/srcs/alu/fa.vhd:13' bound to instance 'fax' of component 'fa' [/home/atuser/git/CMPE260/proj1/srcs/alu/ripple_carry.vhd:55]
INFO: [Synth 8-3491] module 'fa' declared at '/home/atuser/git/CMPE260/proj1/srcs/alu/fa.vhd:13' bound to instance 'fax' of component 'fa' [/home/atuser/git/CMPE260/proj1/srcs/alu/ripple_carry.vhd:55]
INFO: [Synth 8-3491] module 'fa' declared at '/home/atuser/git/CMPE260/proj1/srcs/alu/fa.vhd:13' bound to instance 'fax' of component 'fa' [/home/atuser/git/CMPE260/proj1/srcs/alu/ripple_carry.vhd:55]
INFO: [Synth 8-3491] module 'fa' declared at '/home/atuser/git/CMPE260/proj1/srcs/alu/fa.vhd:13' bound to instance 'fax' of component 'fa' [/home/atuser/git/CMPE260/proj1/srcs/alu/ripple_carry.vhd:55]
INFO: [Synth 8-3491] module 'fa' declared at '/home/atuser/git/CMPE260/proj1/srcs/alu/fa.vhd:13' bound to instance 'fax' of component 'fa' [/home/atuser/git/CMPE260/proj1/srcs/alu/ripple_carry.vhd:55]
INFO: [Synth 8-3491] module 'fa' declared at '/home/atuser/git/CMPE260/proj1/srcs/alu/fa.vhd:13' bound to instance 'fax' of component 'fa' [/home/atuser/git/CMPE260/proj1/srcs/alu/ripple_carry.vhd:55]
INFO: [Synth 8-3491] module 'fa' declared at '/home/atuser/git/CMPE260/proj1/srcs/alu/fa.vhd:13' bound to instance 'fax' of component 'fa' [/home/atuser/git/CMPE260/proj1/srcs/alu/ripple_carry.vhd:55]
INFO: [Synth 8-3491] module 'fa' declared at '/home/atuser/git/CMPE260/proj1/srcs/alu/fa.vhd:13' bound to instance 'fax' of component 'fa' [/home/atuser/git/CMPE260/proj1/srcs/alu/ripple_carry.vhd:55]
INFO: [Synth 8-3491] module 'fa' declared at '/home/atuser/git/CMPE260/proj1/srcs/alu/fa.vhd:13' bound to instance 'fax' of component 'fa' [/home/atuser/git/CMPE260/proj1/srcs/alu/ripple_carry.vhd:55]
INFO: [Synth 8-3491] module 'fa' declared at '/home/atuser/git/CMPE260/proj1/srcs/alu/fa.vhd:13' bound to instance 'fax' of component 'fa' [/home/atuser/git/CMPE260/proj1/srcs/alu/ripple_carry.vhd:55]
INFO: [Synth 8-3491] module 'fa' declared at '/home/atuser/git/CMPE260/proj1/srcs/alu/fa.vhd:13' bound to instance 'fax' of component 'fa' [/home/atuser/git/CMPE260/proj1/srcs/alu/ripple_carry.vhd:55]
INFO: [Synth 8-3491] module 'fa' declared at '/home/atuser/git/CMPE260/proj1/srcs/alu/fa.vhd:13' bound to instance 'fax' of component 'fa' [/home/atuser/git/CMPE260/proj1/srcs/alu/ripple_carry.vhd:55]
INFO: [Synth 8-3491] module 'fa' declared at '/home/atuser/git/CMPE260/proj1/srcs/alu/fa.vhd:13' bound to instance 'fax' of component 'fa' [/home/atuser/git/CMPE260/proj1/srcs/alu/ripple_carry.vhd:55]
INFO: [Synth 8-3491] module 'fa' declared at '/home/atuser/git/CMPE260/proj1/srcs/alu/fa.vhd:13' bound to instance 'fax' of component 'fa' [/home/atuser/git/CMPE260/proj1/srcs/alu/ripple_carry.vhd:55]
INFO: [Synth 8-3491] module 'fa' declared at '/home/atuser/git/CMPE260/proj1/srcs/alu/fa.vhd:13' bound to instance 'fax' of component 'fa' [/home/atuser/git/CMPE260/proj1/srcs/alu/ripple_carry.vhd:55]
INFO: [Synth 8-3491] module 'fa' declared at '/home/atuser/git/CMPE260/proj1/srcs/alu/fa.vhd:13' bound to instance 'fax' of component 'fa' [/home/atuser/git/CMPE260/proj1/srcs/alu/ripple_carry.vhd:55]
INFO: [Synth 8-3491] module 'fa' declared at '/home/atuser/git/CMPE260/proj1/srcs/alu/fa.vhd:13' bound to instance 'fax' of component 'fa' [/home/atuser/git/CMPE260/proj1/srcs/alu/ripple_carry.vhd:55]
INFO: [Synth 8-3491] module 'fa' declared at '/home/atuser/git/CMPE260/proj1/srcs/alu/fa.vhd:13' bound to instance 'fax' of component 'fa' [/home/atuser/git/CMPE260/proj1/srcs/alu/ripple_carry.vhd:55]
INFO: [Synth 8-3491] module 'fa' declared at '/home/atuser/git/CMPE260/proj1/srcs/alu/fa.vhd:13' bound to instance 'fax' of component 'fa' [/home/atuser/git/CMPE260/proj1/srcs/alu/ripple_carry.vhd:55]
INFO: [Synth 8-3491] module 'fa' declared at '/home/atuser/git/CMPE260/proj1/srcs/alu/fa.vhd:13' bound to instance 'fax' of component 'fa' [/home/atuser/git/CMPE260/proj1/srcs/alu/ripple_carry.vhd:55]
INFO: [Synth 8-3491] module 'fa' declared at '/home/atuser/git/CMPE260/proj1/srcs/alu/fa.vhd:13' bound to instance 'fax' of component 'fa' [/home/atuser/git/CMPE260/proj1/srcs/alu/ripple_carry.vhd:55]
INFO: [Synth 8-3491] module 'fa' declared at '/home/atuser/git/CMPE260/proj1/srcs/alu/fa.vhd:13' bound to instance 'fax' of component 'fa' [/home/atuser/git/CMPE260/proj1/srcs/alu/ripple_carry.vhd:55]
INFO: [Synth 8-3491] module 'fa' declared at '/home/atuser/git/CMPE260/proj1/srcs/alu/fa.vhd:13' bound to instance 'fax' of component 'fa' [/home/atuser/git/CMPE260/proj1/srcs/alu/ripple_carry.vhd:55]
INFO: [Synth 8-3491] module 'fa' declared at '/home/atuser/git/CMPE260/proj1/srcs/alu/fa.vhd:13' bound to instance 'fax' of component 'fa' [/home/atuser/git/CMPE260/proj1/srcs/alu/ripple_carry.vhd:55]
INFO: [Synth 8-256] done synthesizing module 'ripple_carry' (10#1) [/home/atuser/git/CMPE260/proj1/srcs/alu/ripple_carry.vhd:22]
	Parameter N bound to: 32 - type: integer 
INFO: [Synth 8-3491] module 'mult' declared at '/home/atuser/git/CMPE260/proj1/srcs/alu/mult.vhd:11' bound to instance 'mul_comp' of component 'mult' [/home/atuser/git/CMPE260/proj1/srcs/alu/alu4.vhd:106]
INFO: [Synth 8-638] synthesizing module 'mult' [/home/atuser/git/CMPE260/proj1/srcs/alu/mult.vhd:21]
	Parameter N bound to: 32 - type: integer 
	Parameter N bound to: 32 - type: integer 
INFO: [Synth 8-3491] module 'ripple_carry' declared at '/home/atuser/git/CMPE260/proj1/srcs/alu/ripple_carry.vhd:11' bound to instance 'initial_sum' of component 'ripple_carry' [/home/atuser/git/CMPE260/proj1/srcs/alu/mult.vhd:45]
	Parameter N bound to: 32 - type: integer 
INFO: [Synth 8-3491] module 'ripple_carry' declared at '/home/atuser/git/CMPE260/proj1/srcs/alu/ripple_carry.vhd:11' bound to instance 'fa_i' of component 'ripple_carry' [/home/atuser/git/CMPE260/proj1/srcs/alu/mult.vhd:55]
	Parameter N bound to: 32 - type: integer 
INFO: [Synth 8-3491] module 'ripple_carry' declared at '/home/atuser/git/CMPE260/proj1/srcs/alu/ripple_carry.vhd:11' bound to instance 'fa_i' of component 'ripple_carry' [/home/atuser/git/CMPE260/proj1/srcs/alu/mult.vhd:55]
	Parameter N bound to: 32 - type: integer 
INFO: [Synth 8-3491] module 'ripple_carry' declared at '/home/atuser/git/CMPE260/proj1/srcs/alu/ripple_carry.vhd:11' bound to instance 'fa_i' of component 'ripple_carry' [/home/atuser/git/CMPE260/proj1/srcs/alu/mult.vhd:55]
	Parameter N bound to: 32 - type: integer 
INFO: [Synth 8-3491] module 'ripple_carry' declared at '/home/atuser/git/CMPE260/proj1/srcs/alu/ripple_carry.vhd:11' bound to instance 'fa_i' of component 'ripple_carry' [/home/atuser/git/CMPE260/proj1/srcs/alu/mult.vhd:55]
	Parameter N bound to: 32 - type: integer 
INFO: [Synth 8-3491] module 'ripple_carry' declared at '/home/atuser/git/CMPE260/proj1/srcs/alu/ripple_carry.vhd:11' bound to instance 'fa_i' of component 'ripple_carry' [/home/atuser/git/CMPE260/proj1/srcs/alu/mult.vhd:55]
	Parameter N bound to: 32 - type: integer 
INFO: [Synth 8-3491] module 'ripple_carry' declared at '/home/atuser/git/CMPE260/proj1/srcs/alu/ripple_carry.vhd:11' bound to instance 'fa_i' of component 'ripple_carry' [/home/atuser/git/CMPE260/proj1/srcs/alu/mult.vhd:55]
	Parameter N bound to: 32 - type: integer 
INFO: [Synth 8-3491] module 'ripple_carry' declared at '/home/atuser/git/CMPE260/proj1/srcs/alu/ripple_carry.vhd:11' bound to instance 'fa_i' of component 'ripple_carry' [/home/atuser/git/CMPE260/proj1/srcs/alu/mult.vhd:55]
	Parameter N bound to: 32 - type: integer 
INFO: [Synth 8-3491] module 'ripple_carry' declared at '/home/atuser/git/CMPE260/proj1/srcs/alu/ripple_carry.vhd:11' bound to instance 'fa_i' of component 'ripple_carry' [/home/atuser/git/CMPE260/proj1/srcs/alu/mult.vhd:55]
	Parameter N bound to: 32 - type: integer 
INFO: [Synth 8-3491] module 'ripple_carry' declared at '/home/atuser/git/CMPE260/proj1/srcs/alu/ripple_carry.vhd:11' bound to instance 'fa_i' of component 'ripple_carry' [/home/atuser/git/CMPE260/proj1/srcs/alu/mult.vhd:55]
	Parameter N bound to: 32 - type: integer 
INFO: [Synth 8-3491] module 'ripple_carry' declared at '/home/atuser/git/CMPE260/proj1/srcs/alu/ripple_carry.vhd:11' bound to instance 'fa_i' of component 'ripple_carry' [/home/atuser/git/CMPE260/proj1/srcs/alu/mult.vhd:55]
	Parameter N bound to: 32 - type: integer 
INFO: [Synth 8-3491] module 'ripple_carry' declared at '/home/atuser/git/CMPE260/proj1/srcs/alu/ripple_carry.vhd:11' bound to instance 'fa_i' of component 'ripple_carry' [/home/atuser/git/CMPE260/proj1/srcs/alu/mult.vhd:55]
	Parameter N bound to: 32 - type: integer 
INFO: [Synth 8-3491] module 'ripple_carry' declared at '/home/atuser/git/CMPE260/proj1/srcs/alu/ripple_carry.vhd:11' bound to instance 'fa_i' of component 'ripple_carry' [/home/atuser/git/CMPE260/proj1/srcs/alu/mult.vhd:55]
	Parameter N bound to: 32 - type: integer 
INFO: [Synth 8-3491] module 'ripple_carry' declared at '/home/atuser/git/CMPE260/proj1/srcs/alu/ripple_carry.vhd:11' bound to instance 'fa_i' of component 'ripple_carry' [/home/atuser/git/CMPE260/proj1/srcs/alu/mult.vhd:55]
	Parameter N bound to: 32 - type: integer 
INFO: [Synth 8-3491] module 'ripple_carry' declared at '/home/atuser/git/CMPE260/proj1/srcs/alu/ripple_carry.vhd:11' bound to instance 'fa_i' of component 'ripple_carry' [/home/atuser/git/CMPE260/proj1/srcs/alu/mult.vhd:55]
	Parameter N bound to: 32 - type: integer 
INFO: [Synth 8-3491] module 'ripple_carry' declared at '/home/atuser/git/CMPE260/proj1/srcs/alu/ripple_carry.vhd:11' bound to instance 'fa_i' of component 'ripple_carry' [/home/atuser/git/CMPE260/proj1/srcs/alu/mult.vhd:55]
INFO: [Synth 8-256] done synthesizing module 'mult' (11#1) [/home/atuser/git/CMPE260/proj1/srcs/alu/mult.vhd:21]
INFO: [Synth 8-256] done synthesizing module 'alu4' (12#1) [/home/atuser/git/CMPE260/proj1/srcs/alu/alu4.vhd:25]
INFO: [Synth 8-256] done synthesizing module 'ExecuteStage' (13#1) [/home/atuser/git/CMPE260/proj1/srcs/execute_stage.vhd:35]
INFO: [Synth 8-3491] module 'MemoryStage' declared at '/home/atuser/git/CMPE260/proj1/srcs/memory_stage.vhd:10' bound to instance 'memory' of component 'MemoryStage' [/home/atuser/git/CMPE260/proj1/srcs/mips.vhd:220]
INFO: [Synth 8-638] synthesizing module 'MemoryStage' [/home/atuser/git/CMPE260/proj1/srcs/memory_stage.vhd:21]
	Parameter WIDTH bound to: 32 - type: integer 
	Parameter ADDR_SPACE bound to: 10 - type: integer 
INFO: [Synth 8-3491] module 'DataMemory' declared at '/home/atuser/git/CMPE260/proj1/srcs/data_memory.vhd:12' bound to instance 'mem' of component 'DataMemory' [/home/atuser/git/CMPE260/proj1/srcs/memory_stage.vhd:36]
INFO: [Synth 8-638] synthesizing module 'DataMemory' [/home/atuser/git/CMPE260/proj1/srcs/data_memory.vhd:24]
	Parameter WIDTH bound to: 32 - type: integer 
	Parameter ADDR_SPACE bound to: 10 - type: integer 
INFO: [Synth 8-256] done synthesizing module 'DataMemory' (14#1) [/home/atuser/git/CMPE260/proj1/srcs/data_memory.vhd:24]
INFO: [Synth 8-256] done synthesizing module 'MemoryStage' (15#1) [/home/atuser/git/CMPE260/proj1/srcs/memory_stage.vhd:21]
INFO: [Synth 8-3491] module 'WritebackStage' declared at '/home/atuser/git/CMPE260/proj1/srcs/writeback_stage.vhd:10' bound to instance 'writeback' of component 'WritebackStage' [/home/atuser/git/CMPE260/proj1/srcs/mips.vhd:242]
INFO: [Synth 8-638] synthesizing module 'WritebackStage' [/home/atuser/git/CMPE260/proj1/srcs/writeback_stage.vhd:24]
INFO: [Synth 8-256] done synthesizing module 'WritebackStage' (16#1) [/home/atuser/git/CMPE260/proj1/srcs/writeback_stage.vhd:24]
INFO: [Synth 8-256] done synthesizing module 'mips' (17#1) [/home/atuser/git/CMPE260/proj1/srcs/mips.vhd:21]
---------------------------------------------------------------------------------
Finished RTL Elaboration : Time (s): cpu = 00:00:05 ; elapsed = 00:00:06 . Memory (MB): peak = 2332.750 ; gain = 0.000 ; free physical = 1137 ; free virtual = 3125
---------------------------------------------------------------------------------
---------------------------------------------------------------------------------
Start Handling Custom Attributes
---------------------------------------------------------------------------------
---------------------------------------------------------------------------------
Finished Handling Custom Attributes : Time (s): cpu = 00:00:06 ; elapsed = 00:00:07 . Memory (MB): peak = 2332.750 ; gain = 0.000 ; free physical = 1196 ; free virtual = 3185
---------------------------------------------------------------------------------
---------------------------------------------------------------------------------
Finished RTL Optimization Phase 1 : Time (s): cpu = 00:00:06 ; elapsed = 00:00:07 . Memory (MB): peak = 2332.750 ; gain = 0.000 ; free physical = 1196 ; free virtual = 3185
---------------------------------------------------------------------------------
Netlist sorting complete. Time (s): cpu = 00:00:00.03 ; elapsed = 00:00:00.04 . Memory (MB): peak = 2332.750 ; gain = 0.000 ; free physical = 1188 ; free virtual = 3177
INFO: [Project 1-570] Preparing netlist for logic optimization

Processing XDC Constraints
Initializing timing engine
Parsing XDC File [/home/atuser/git/CMPE260/proj1/srcs/proj1.xdc]
Finished Parsing XDC File [/home/atuser/git/CMPE260/proj1/srcs/proj1.xdc]
INFO: [Project 1-236] Implementation specific constraints were found while reading constraint file [/home/atuser/git/CMPE260/proj1/srcs/proj1.xdc]. These constraints will be ignored for synthesis but will be used in implementation. Impacted constraints are listed in the file [.Xil/mips_propImpl.xdc].
Resolution: To avoid this warning, move constraints listed in [.Xil/mips_propImpl.xdc] to another XDC file and exclude this new file from synthesis with the used_in_synthesis property (File Properties dialog in GUI) and re-run elaboration/synthesis.
Completed Processing XDC Constraints

Netlist sorting complete. Time (s): cpu = 00:00:00 ; elapsed = 00:00:00.01 . Memory (MB): peak = 2364.766 ; gain = 0.000 ; free physical = 1095 ; free virtual = 3084
INFO: [Project 1-111] Unisim Transformation Summary:
No Unisim elements were transformed.

Constraint Validation Runtime : Time (s): cpu = 00:00:00.01 ; elapsed = 00:00:00.01 . Memory (MB): peak = 2364.766 ; gain = 0.000 ; free physical = 1095 ; free virtual = 3084
---------------------------------------------------------------------------------
Finished Constraint Validation : Time (s): cpu = 00:00:12 ; elapsed = 00:00:13 . Memory (MB): peak = 2364.766 ; gain = 32.016 ; free physical = 1173 ; free virtual = 3160
---------------------------------------------------------------------------------
---------------------------------------------------------------------------------
Start Loading Part and Timing Information
---------------------------------------------------------------------------------
Loading part: xc7a35tcpg236-1
---------------------------------------------------------------------------------
Finished Loading Part and Timing Information : Time (s): cpu = 00:00:12 ; elapsed = 00:00:13 . Memory (MB): peak = 2364.766 ; gain = 32.016 ; free physical = 1173 ; free virtual = 3160
---------------------------------------------------------------------------------
---------------------------------------------------------------------------------
Start Applying 'set_property' XDC Constraints
---------------------------------------------------------------------------------
---------------------------------------------------------------------------------
Finished applying 'set_property' XDC Constraints : Time (s): cpu = 00:00:12 ; elapsed = 00:00:13 . Memory (MB): peak = 2364.766 ; gain = 32.016 ; free physical = 1173 ; free virtual = 3160
---------------------------------------------------------------------------------
---------------------------------------------------------------------------------
Finished RTL Optimization Phase 2 : Time (s): cpu = 00:00:13 ; elapsed = 00:00:14 . Memory (MB): peak = 2364.766 ; gain = 32.016 ; free physical = 1169 ; free virtual = 3157
---------------------------------------------------------------------------------
---------------------------------------------------------------------------------
Start RTL Component Statistics 
---------------------------------------------------------------------------------
Detailed RTL Component Info : 
+---XORs : 
	   2 Input     32 Bit         XORs := 1     
	   2 Input      1 Bit         XORs := 1632  
+---Registers : 
	               32 Bit    Registers := 10    
	                5 Bit    Registers := 4     
	                4 Bit    Registers := 1     
	                1 Bit    Registers := 10    
+---RAMs : 
	             1024 Bit	(32 X 32 bit)          RAMs := 1     
+---Muxes : 
	   2 Input   32 Bit        Muxes := 7     
	   2 Input    5 Bit        Muxes := 1     
	  10 Input    4 Bit        Muxes := 1     
	   2 Input    1 Bit        Muxes := 1     
---------------------------------------------------------------------------------
Finished RTL Component Statistics 
---------------------------------------------------------------------------------
---------------------------------------------------------------------------------
Start Part Resource Summary
---------------------------------------------------------------------------------
Part Resources:
DSPs: 90 (col length:60)
BRAMs: 100 (col length: RAMB18 60 RAMB36 30)
---------------------------------------------------------------------------------
Finished Part Resource Summary
---------------------------------------------------------------------------------
---------------------------------------------------------------------------------
Start Cross Boundary and Area Optimization
---------------------------------------------------------------------------------
INFO: [Synth 8-3971] The signal "mips/decode/reg_file/registers_reg" was recognized as a true dual port RAM template.
---------------------------------------------------------------------------------
Finished Cross Boundary and Area Optimization : Time (s): cpu = 00:00:38 ; elapsed = 00:00:40 . Memory (MB): peak = 2364.766 ; gain = 32.016 ; free physical = 1134 ; free virtual = 3127
---------------------------------------------------------------------------------
---------------------------------------------------------------------------------
Start ROM, RAM, DSP, Shift Register and Retiming Reporting
---------------------------------------------------------------------------------

ROM: Preliminary Mapping	Report
+------------------+------------+---------------+----------------+
|Module Name       | RTL Object | Depth x Width | Implemented As | 
+------------------+------------+---------------+----------------+
|InstructionMemory | p_0_out    | 1024x8        | LUT            | 
|InstructionMemory | p_0_out    | 1024x8        | LUT            | 
|InstructionMemory | p_0_out    | 1024x8        | LUT            | 
|InstructionMemory | p_0_out    | 1024x8        | LUT            | 
|mips              | p_0_out    | 1024x8        | LUT            | 
|mips              | p_0_out    | 1024x8        | LUT            | 
|mips              | p_0_out    | 1024x8        | LUT            | 
|mips              | p_0_out    | 1024x8        | LUT            | 
+------------------+------------+---------------+----------------+


Block RAM: Preliminary Mapping	Report (see note below)
+------------+-------------------------+------------------------+---+---+------------------------+---+---+------------------+--------+--------+
|Module Name | RTL Object              | PORT A (Depth x Width) | W | R | PORT B (Depth x Width) | W | R | Ports driving FF | RAMB18 | RAMB36 | 
+------------+-------------------------+------------------------+---+---+------------------------+---+---+------------------+--------+--------+
|mips        | memory/mem/mips_mem_reg | 1 K x 32(READ_FIRST)   | W | R |                        |   |   | Port A           | 0      | 1      | 
+------------+-------------------------+------------------------+---+---+------------------------+---+---+------------------+--------+--------+

Note: The table above is a preliminary report that shows the Block RAMs at the current stage of the synthesis flow. Some Block RAMs may be reimplemented as non Block RAM primitives later in the synthesis flow. Multiple instantiated Block RAMs are reported only once. 
---------------------------------------------------------------------------------
Finished ROM, RAM, DSP, Shift Register and Retiming Reporting
---------------------------------------------------------------------------------
---------------------------------------------------------------------------------
Start Applying XDC Timing Constraints
---------------------------------------------------------------------------------
---------------------------------------------------------------------------------
Finished Applying XDC Timing Constraints : Time (s): cpu = 00:00:44 ; elapsed = 00:00:46 . Memory (MB): peak = 2364.766 ; gain = 32.016 ; free physical = 1016 ; free virtual = 3008
---------------------------------------------------------------------------------
---------------------------------------------------------------------------------
Start Timing Optimization
---------------------------------------------------------------------------------
---------------------------------------------------------------------------------
Finished Timing Optimization : Time (s): cpu = 00:00:44 ; elapsed = 00:00:46 . Memory (MB): peak = 2364.766 ; gain = 32.016 ; free physical = 1016 ; free virtual = 3008
---------------------------------------------------------------------------------
---------------------------------------------------------------------------------
Start ROM, RAM, DSP, Shift Register and Retiming Reporting
---------------------------------------------------------------------------------

Block RAM: Final Mapping	Report
+------------+-------------------------+------------------------+---+---+------------------------+---+---+------------------+--------+--------+
|Module Name | RTL Object              | PORT A (Depth x Width) | W | R | PORT B (Depth x Width) | W | R | Ports driving FF | RAMB18 | RAMB36 | 
+------------+-------------------------+------------------------+---+---+------------------------+---+---+------------------+--------+--------+
|mips        | memory/mem/mips_mem_reg | 1 K x 32(READ_FIRST)   | W | R |                        |   |   | Port A           | 0      | 1      | 
+------------+-------------------------+------------------------+---+---+------------------------+---+---+------------------+--------+--------+

---------------------------------------------------------------------------------
Finished ROM, RAM, DSP, Shift Register and Retiming Reporting
---------------------------------------------------------------------------------
---------------------------------------------------------------------------------
Start Technology Mapping
---------------------------------------------------------------------------------
INFO: [Synth 8-7052] The timing for the instance decode/reg_file/registers_reg_1 (implemented as a Block RAM) might be sub-optimal as no optional output register could be merged into the ram block. Providing additional output register may help in improving timing.
INFO: [Synth 8-7052] The timing for the instance decode/reg_file/registers_reg_2 (implemented as a Block RAM) might be sub-optimal as no optional output register could be merged into the ram block. Providing additional output register may help in improving timing.
---------------------------------------------------------------------------------
Finished Technology Mapping : Time (s): cpu = 00:00:45 ; elapsed = 00:00:47 . Memory (MB): peak = 2364.766 ; gain = 32.016 ; free physical = 1014 ; free virtual = 3006
---------------------------------------------------------------------------------
---------------------------------------------------------------------------------
Start IO Insertion
---------------------------------------------------------------------------------
---------------------------------------------------------------------------------
Start Flattening Before IO Insertion
---------------------------------------------------------------------------------
---------------------------------------------------------------------------------
Finished Flattening Before IO Insertion
---------------------------------------------------------------------------------
---------------------------------------------------------------------------------
Start Final Netlist Cleanup
---------------------------------------------------------------------------------
---------------------------------------------------------------------------------
Finished Final Netlist Cleanup
---------------------------------------------------------------------------------
---------------------------------------------------------------------------------
Finished IO Insertion : Time (s): cpu = 00:00:48 ; elapsed = 00:00:50 . Memory (MB): peak = 2364.766 ; gain = 32.016 ; free physical = 1014 ; free virtual = 3006
---------------------------------------------------------------------------------
---------------------------------------------------------------------------------
Start Renaming Generated Instances
---------------------------------------------------------------------------------
---------------------------------------------------------------------------------
Finished Renaming Generated Instances : Time (s): cpu = 00:00:48 ; elapsed = 00:00:50 . Memory (MB): peak = 2364.766 ; gain = 32.016 ; free physical = 1014 ; free virtual = 3006
---------------------------------------------------------------------------------
---------------------------------------------------------------------------------
Start Rebuilding User Hierarchy
---------------------------------------------------------------------------------
---------------------------------------------------------------------------------
Finished Rebuilding User Hierarchy : Time (s): cpu = 00:00:48 ; elapsed = 00:00:50 . Memory (MB): peak = 2364.766 ; gain = 32.016 ; free physical = 1014 ; free virtual = 3006
---------------------------------------------------------------------------------
---------------------------------------------------------------------------------
Start Renaming Generated Ports
---------------------------------------------------------------------------------
---------------------------------------------------------------------------------
Finished Renaming Generated Ports : Time (s): cpu = 00:00:48 ; elapsed = 00:00:50 . Memory (MB): peak = 2364.766 ; gain = 32.016 ; free physical = 1014 ; free virtual = 3006
---------------------------------------------------------------------------------
---------------------------------------------------------------------------------
Start Handling Custom Attributes
---------------------------------------------------------------------------------
---------------------------------------------------------------------------------
Finished Handling Custom Attributes : Time (s): cpu = 00:00:48 ; elapsed = 00:00:50 . Memory (MB): peak = 2364.766 ; gain = 32.016 ; free physical = 1013 ; free virtual = 3006
---------------------------------------------------------------------------------
---------------------------------------------------------------------------------
Start Renaming Generated Nets
---------------------------------------------------------------------------------
---------------------------------------------------------------------------------
Finished Renaming Generated Nets : Time (s): cpu = 00:00:48 ; elapsed = 00:00:50 . Memory (MB): peak = 2364.766 ; gain = 32.016 ; free physical = 1013 ; free virtual = 3006
---------------------------------------------------------------------------------
---------------------------------------------------------------------------------
Start ROM, RAM, DSP, Shift Register and Retiming Reporting
---------------------------------------------------------------------------------

Static Shift Register Report:
+------------+------------------+--------+-------+--------------+--------------------+-------------------+--------+---------+
|Module Name | RTL Name         | Length | Width | Reset Signal | Pull out first Reg | Pull out last Reg | SRL16E | SRLC32E | 
+------------+------------------+--------+-------+--------------+--------------------+-------------------+--------+---------+
|mips        | reg_write_w_reg  | 3      | 1     | NO           | NO                 | YES               | 1      | 0       | 
|mips        | mem_to_reg_w_reg | 3      | 1     | NO           | NO                 | YES               | 1      | 0       | 
+------------+------------------+--------+-------+--------------+--------------------+-------------------+--------+---------+

---------------------------------------------------------------------------------
Finished ROM, RAM, DSP, Shift Register and Retiming Reporting
---------------------------------------------------------------------------------
---------------------------------------------------------------------------------
Start Writing Synthesis Report
---------------------------------------------------------------------------------

Report BlackBoxes: 
+-+--------------+----------+
| |BlackBox name |Instances |
+-+--------------+----------+
+-+--------------+----------+

Report Cell Usage: 
+------+---------+------+
|      |Cell     |Count |
+------+---------+------+
|1     |BUFG     |     1|
|2     |CARRY4   |    22|
|3     |LUT1     |     3|
|4     |LUT2     |    10|
|5     |LUT3     |   131|
|6     |LUT4     |   200|
|7     |LUT5     |   173|
|8     |LUT6     |   811|
|9     |MUXF7    |    23|
|10    |RAMB18E1 |     2|
|11    |RAMB36E1 |     1|
|12    |SRL16E   |     2|
|13    |FDCE     |    58|
|14    |FDRE     |   191|
|15    |IBUF     |     2|
|16    |OBUF     |    38|
+------+---------+------+
---------------------------------------------------------------------------------
Finished Writing Synthesis Report : Time (s): cpu = 00:00:48 ; elapsed = 00:00:50 . Memory (MB): peak = 2364.766 ; gain = 32.016 ; free physical = 1013 ; free virtual = 3006
---------------------------------------------------------------------------------
Synthesis finished with 0 errors, 0 critical warnings and 0 warnings.
Synthesis Optimization Runtime : Time (s): cpu = 00:00:46 ; elapsed = 00:00:48 . Memory (MB): peak = 2364.766 ; gain = 0.000 ; free physical = 1068 ; free virtual = 3061
Synthesis Optimization Complete : Time (s): cpu = 00:00:49 ; elapsed = 00:00:50 . Memory (MB): peak = 2364.773 ; gain = 32.016 ; free physical = 1068 ; free virtual = 3061
INFO: [Project 1-571] Translating synthesized netlist
Netlist sorting complete. Time (s): cpu = 00:00:00.01 ; elapsed = 00:00:00.01 . Memory (MB): peak = 2364.773 ; gain = 0.000 ; free physical = 1153 ; free virtual = 3146
INFO: [Netlist 29-17] Analyzing 48 Unisim elements for replacement
INFO: [Netlist 29-28] Unisim Transformation completed in 0 CPU seconds
INFO: [Project 1-570] Preparing netlist for logic optimization
INFO: [Opt 31-138] Pushed 1 inverter(s) to 4 load pin(s).
Netlist sorting complete. Time (s): cpu = 00:00:00 ; elapsed = 00:00:00 . Memory (MB): peak = 2364.773 ; gain = 0.000 ; free physical = 1102 ; free virtual = 3095
INFO: [Project 1-111] Unisim Transformation Summary:
No Unisim elements were transformed.

INFO: [Common 17-83] Releasing license: Synthesis
115 Infos, 0 Warnings, 0 Critical Warnings and 0 Errors encountered.
synth_design completed successfully
synth_design: Time (s): cpu = 00:00:59 ; elapsed = 00:00:55 . Memory (MB): peak = 2364.773 ; gain = 84.836 ; free physical = 1247 ; free virtual = 3240
INFO: [Common 17-1381] The checkpoint '/home/atuser/git/CMPE260/proj1/proj1.runs/synth_1/mips.dcp' has been generated.
INFO: [runtcl-4] Executing : report_utilization -file mips_utilization_synth.rpt -pb mips_utilization_synth.pb
INFO: [Common 17-206] Exiting Vivado at Sat May  1 19:05:50 2021...
